<?xml version="1.0" encoding="UTF-8"?>
<!-- Generated by org.testng.reporters.JUnitXMLReporter -->
<testsuite ignored="4" hostname="LAPTOP-DIVUF89F" failures="0" tests="1" name="Default test" time="34.167" errors="0" timestamp="2022-06-23T06:58:26 IST">
  <testcase classname="salesperson.Login" name="forgotPassword" time="6.295"/>
  <testcase classname="salesperson.Login" name="verifyCreateAccount" time="0.0">
    <ignored/>
  </testcase> <!-- verifyCreateAccount -->
  <testcase classname="salesperson.Login" name="verifyLogin" time="0.0">
    <ignored/>
  </testcase> <!-- verifyLogin -->
  <testcase classname="salesperson.Login" name="verifyLogo" time="0.0">
    <ignored/>
  </testcase> <!-- verifyLogo -->
  <testcase classname="salesperson.Login" name="forgotUsername" time="0.0">
    <ignored/>
  </testcase> <!-- forgotUsername -->
</testsuite> <!-- Default test -->
