<?xml version="1.0" encoding="UTF-8"?>
<!-- Generated by org.testng.reporters.JUnitXMLReporter -->
<testsuite ignored="0" hostname="LAPTOP-DIVUF89F" failures="0" tests="5" name="Test" time="132.046" errors="0" timestamp="2022-06-22T05:16:01 IST">
  <testcase classname="salesperson.Login" name="verifyLogo" time="0.129"/>
  <testcase classname="salesperson.Login" name="forgotUsername" time="5.442"/>
  <testcase classname="salesperson.Login" name="forgotPassword" time="6.322"/>
  <testcase classname="salesperson.Login" name="verifyCreateAccount" time="6.393"/>
  <testcase classname="salesperson.Login" name="verifyLogin" time="4.797"/>
</testsuite> <!-- Test -->
